producer_class	xtools.gsea.GseaPreranked
producer_timestamp	1648700975432
param	rpt_label	my_analysis
param	rnd_seed	timestamp
param	set_min	15
param	zip_report	false
param	create_svgs	false
param	scoring_scheme	weighted
param	rnk	/Users/floraw/Documents/BCB420/Yuewei_Wang/data/gata3_ranked_genelist.rnk
param	norm	meandiv
param	out	/Users/floraw/gsea_home/output/mar31
param	mode	Abs_max_of_probes
param	include_only_symbols	true
param	help	false
param	set_max	200
param	gmx	/Users/floraw/Downloads/Human_GOBP_AllPathways_no_GO_iea_March_01_2022_symbol.gmt
param	make_sets	true
param	plot_top_x	20
param	gui	false
param	nperm	1000
param	collapse	No_Collapse

file	/Users/floraw/gsea_home/output/mar31/my_analysis.GseaPreranked.1648700975432/index.html
